[2020-08-02T18:45:12.009] [INFO] Logging:  - Listening on http://127.0.0.1:4000
[2020-08-02T18:45:13.678] [INFO] Logging:  - Successfully connected to MongoDB!
[2020-08-02T18:45:39.230] [INFO] Logging:  - ---Request begins here---
[2020-08-02T18:45:39.231] [INFO] Logging:  - Method: GET
[2020-08-02T18:45:39.232] [INFO] Logging:  - Path:   /api/users/profile
[2020-08-02T18:45:39.233] [INFO] Logging:  - Body:   {}
[2020-08-02T18:45:39.235] [INFO] Logging:  - ---Request ends here---
[2020-08-02T18:47:58.271] [INFO] Logging:  - ---Request begins here---
[2020-08-02T18:47:58.273] [INFO] Logging:  - Method: GET
[2020-08-02T18:47:58.275] [INFO] Logging:  - Path:   /api/users/profile
[2020-08-02T18:47:58.277] [INFO] Logging:  - Body:   {}
[2020-08-02T18:47:58.278] [INFO] Logging:  - ---Request ends here---
[2020-08-02T18:48:11.444] [INFO] Logging:  - ---Request begins here---
[2020-08-02T18:48:11.445] [INFO] Logging:  - Method: GET
[2020-08-02T18:48:11.446] [INFO] Logging:  - Path:   /api/users/profile
[2020-08-02T18:48:11.448] [INFO] Logging:  - Body:   {}
[2020-08-02T18:48:11.459] [INFO] Logging:  - ---Request ends here---
[2020-08-02T18:51:16.316] [INFO] Logging:  - ---Request begins here---
[2020-08-02T18:51:16.662] [INFO] Logging:  - Method: GET
[2020-08-02T18:51:16.708] [INFO] Logging:  - Path:   /api/users/profile
[2020-08-02T18:51:16.712] [INFO] Logging:  - Body:   {}
[2020-08-02T18:51:16.714] [INFO] Logging:  - ---Request ends here---
[2020-08-02T18:52:43.143] [INFO] Logging:  - ---Request begins here---
[2020-08-02T18:52:43.148] [INFO] Logging:  - Method: GET
[2020-08-02T18:52:43.149] [INFO] Logging:  - Path:   /api/users/profile
[2020-08-02T18:52:43.151] [INFO] Logging:  - Body:   {}
[2020-08-02T18:52:43.152] [INFO] Logging:  - ---Request ends here---
[2020-08-02T19:04:46.822] [INFO] Logging:  - ---Request begins here---
[2020-08-02T19:04:46.824] [INFO] Logging:  - Method: GET
[2020-08-02T19:04:46.826] [INFO] Logging:  - Path:   /api/users/profile
[2020-08-02T19:04:46.827] [INFO] Logging:  - Body:   {}
[2020-08-02T19:04:46.829] [INFO] Logging:  - ---Request ends here---
[2020-08-02T19:13:31.671] [INFO] Logging:  - ---Request begins here---
[2020-08-02T19:13:31.673] [INFO] Logging:  - Method: GET
[2020-08-02T19:13:31.673] [INFO] Logging:  - Path:   /api/users/profile
[2020-08-02T19:13:31.675] [INFO] Logging:  - Body:   {}
[2020-08-02T19:13:31.675] [INFO] Logging:  - ---Request ends here---
[2020-08-02T19:14:34.322] [INFO] Logging:  - ---Request begins here---
[2020-08-02T19:14:34.324] [INFO] Logging:  - Method: GET
[2020-08-02T19:14:34.324] [INFO] Logging:  - Path:   /api/users/profile
[2020-08-02T19:14:34.325] [INFO] Logging:  - Body:   {}
[2020-08-02T19:14:34.326] [INFO] Logging:  - ---Request ends here---
[2020-08-02T19:18:16.088] [INFO] Logging:  - ---Request begins here---
[2020-08-02T19:18:16.089] [INFO] Logging:  - Method: GET
[2020-08-02T19:18:16.093] [INFO] Logging:  - Path:   /api/users/leaders
[2020-08-02T19:18:16.093] [INFO] Logging:  - Body:   {}
[2020-08-02T19:18:16.094] [INFO] Logging:  - ---Request ends here---
[2020-08-02T19:19:16.880] [INFO] Logging:  - ---Request begins here---
[2020-08-02T19:19:16.881] [INFO] Logging:  - Method: GET
[2020-08-02T19:19:16.882] [INFO] Logging:  - Path:   /api/users/leaders
[2020-08-02T19:19:16.883] [INFO] Logging:  - Body:   {}
[2020-08-02T19:19:16.884] [INFO] Logging:  - ---Request ends here---
[2020-08-02T19:21:35.874] [INFO] Logging:  - ---Request begins here---
[2020-08-02T19:21:35.878] [INFO] Logging:  - Method: GET
[2020-08-02T19:21:35.879] [INFO] Logging:  - Path:   /api/users/profile
[2020-08-02T19:21:35.882] [INFO] Logging:  - Body:   {}
[2020-08-02T19:21:35.883] [INFO] Logging:  - ---Request ends here---
[2020-08-02T19:28:07.892] [INFO] Logging:  - ---Request begins here---
[2020-08-02T19:28:07.899] [INFO] Logging:  - Method: GET
[2020-08-02T19:28:07.905] [INFO] Logging:  - Path:   /api/users/profile
[2020-08-02T19:28:07.907] [INFO] Logging:  - Body:   {}
[2020-08-02T19:28:07.908] [INFO] Logging:  - ---Request ends here---
[2020-08-02T19:28:31.153] [INFO] Logging:  - ---Request begins here---
[2020-08-02T19:28:31.153] [INFO] Logging:  - Method: GET
[2020-08-02T19:28:31.157] [INFO] Logging:  - Path:   /api/users/leaders
[2020-08-02T19:28:31.159] [INFO] Logging:  - Body:   {}
[2020-08-02T19:28:31.160] [INFO] Logging:  - ---Request ends here---
[2020-08-02T20:07:09.214] [INFO] Logging:  - ---Request begins here---
[2020-08-02T20:07:09.217] [INFO] Logging:  - Method: GET
[2020-08-02T20:07:09.220] [INFO] Logging:  - Path:   /api/users/profile
[2020-08-02T20:07:09.221] [INFO] Logging:  - Body:   {}
[2020-08-02T20:07:09.223] [INFO] Logging:  - ---Request ends here---
[2020-08-02T20:07:13.544] [INFO] Logging:  - ---Request begins here---
[2020-08-02T20:07:13.545] [INFO] Logging:  - Method: GET
[2020-08-02T20:07:13.546] [INFO] Logging:  - Path:   /auth/google/login
[2020-08-02T20:07:13.547] [INFO] Logging:  - Body:   {}
[2020-08-02T20:07:13.549] [INFO] Logging:  - ---Request ends here---
[2020-08-02T20:07:21.117] [INFO] Logging:  - ---Request begins here---
[2020-08-02T20:07:21.117] [INFO] Logging:  - Method: GET
[2020-08-02T20:07:21.118] [INFO] Logging:  - Path:   /auth/google/callback
[2020-08-02T20:07:21.119] [INFO] Logging:  - Body:   {}
[2020-08-02T20:07:21.120] [INFO] Logging:  - ---Request ends here---
[2020-08-02T20:07:21.654] [INFO] Logging:  - Profile: {"id":"107414121620518369845","displayName":"Sunny Redhu","name":{"familyName":"Redhu","givenName":"Sunny"},"emails":[{"value":"redhusunny1994@gmail.com","verified":true}],"photos":[{"value":"https://lh3.googleusercontent.com/a-/AOh14GhXmO1tFFdPPSJBhdj25bSPrM4ei-fKExaPN_h7sQ"}],"provider":"google","_raw":"{\n  \"sub\": \"107414121620518369845\",\n  \"name\": \"Sunny Redhu\",\n  \"given_name\": \"Sunny\",\n  \"family_name\": \"Redhu\",\n  \"picture\": \"https://lh3.googleusercontent.com/a-/AOh14GhXmO1tFFdPPSJBhdj25bSPrM4ei-fKExaPN_h7sQ\",\n  \"email\": \"redhusunny1994@gmail.com\",\n  \"email_verified\": true,\n  \"locale\": \"en\"\n}","_json":{"sub":"107414121620518369845","name":"Sunny Redhu","given_name":"Sunny","family_name":"Redhu","picture":"https://lh3.googleusercontent.com/a-/AOh14GhXmO1tFFdPPSJBhdj25bSPrM4ei-fKExaPN_h7sQ","email":"redhusunny1994@gmail.com","email_verified":true,"locale":"en"}}
[2020-08-02T20:07:23.303] [INFO] Logging:  - User redhusunny1994@gmail.com already exists. Logging in.
[2020-08-02T20:07:23.816] [INFO] Logging:  - ---Request begins here---
[2020-08-02T20:07:23.817] [INFO] Logging:  - Method: GET
[2020-08-02T20:07:23.818] [INFO] Logging:  - Path:   /api/users/profile
[2020-08-02T20:07:23.819] [INFO] Logging:  - Body:   {}
[2020-08-02T20:07:23.820] [INFO] Logging:  - ---Request ends here---
[2020-08-02T20:12:08.188] [INFO] Logging:  - ---Request begins here---
[2020-08-02T20:12:08.189] [INFO] Logging:  - Method: GET
[2020-08-02T20:12:08.190] [INFO] Logging:  - Path:   /api/users/profile
[2020-08-02T20:12:08.191] [INFO] Logging:  - Body:   {}
[2020-08-02T20:12:08.191] [INFO] Logging:  - ---Request ends here---
[2020-08-02T20:12:38.842] [INFO] Logging:  - ---Request begins here---
[2020-08-02T20:12:38.842] [INFO] Logging:  - Method: GET
[2020-08-02T20:12:38.843] [INFO] Logging:  - Path:   /api/users/profile
[2020-08-02T20:12:38.845] [INFO] Logging:  - Body:   {}
[2020-08-02T20:12:38.846] [INFO] Logging:  - ---Request ends here---
[2020-08-02T20:13:18.092] [INFO] Logging:  - ---Request begins here---
[2020-08-02T20:13:18.160] [INFO] Logging:  - Method: GET
[2020-08-02T20:13:18.162] [INFO] Logging:  - Path:   /api/users/profile
[2020-08-02T20:13:18.163] [INFO] Logging:  - Body:   {}
[2020-08-02T20:13:18.164] [INFO] Logging:  - ---Request ends here---
[2020-08-02T20:14:20.992] [INFO] Logging:  - ---Request begins here---
[2020-08-02T20:14:21.011] [INFO] Logging:  - Method: GET
[2020-08-02T20:14:21.013] [INFO] Logging:  - Path:   /api/users/profile
[2020-08-02T20:14:21.015] [INFO] Logging:  - Body:   {}
[2020-08-02T20:14:21.015] [INFO] Logging:  - ---Request ends here---
[2020-08-02T20:15:01.244] [INFO] Logging:  - ---Request begins here---
[2020-08-02T20:15:01.246] [INFO] Logging:  - Method: GET
[2020-08-02T20:15:01.249] [INFO] Logging:  - Path:   /api/users/profile
[2020-08-02T20:15:01.250] [INFO] Logging:  - Body:   {}
[2020-08-02T20:15:01.251] [INFO] Logging:  - ---Request ends here---
[2020-08-02T20:48:34.052] [INFO] Logging:  - ---Request begins here---
[2020-08-02T20:48:34.074] [INFO] Logging:  - Method: GET
[2020-08-02T20:48:34.075] [INFO] Logging:  - Path:   /api/users/profile
[2020-08-02T20:48:34.077] [INFO] Logging:  - Body:   {}
[2020-08-02T20:48:34.080] [INFO] Logging:  - ---Request ends here---
[2020-08-02T20:49:09.073] [INFO] Logging:  - ---Request begins here---
[2020-08-02T20:49:09.090] [INFO] Logging:  - Method: GET
[2020-08-02T20:49:09.092] [INFO] Logging:  - Path:   /api/users/profile
[2020-08-02T20:49:09.093] [INFO] Logging:  - Body:   {}
[2020-08-02T20:49:09.094] [INFO] Logging:  - ---Request ends here---
[2020-08-02T20:54:21.731] [INFO] Logging:  - ---Request begins here---
[2020-08-02T20:54:21.732] [INFO] Logging:  - Method: GET
[2020-08-02T20:54:21.733] [INFO] Logging:  - Path:   /api/users/leaders
[2020-08-02T20:54:21.735] [INFO] Logging:  - Body:   {}
[2020-08-02T20:54:21.739] [INFO] Logging:  - ---Request ends here---
[2020-08-02T21:30:12.354] [INFO] Logging:  - ---Request begins here---
[2020-08-02T21:30:12.358] [INFO] Logging:  - Method: GET
[2020-08-02T21:30:12.360] [INFO] Logging:  - Path:   /api/users/profile
[2020-08-02T21:30:12.366] [INFO] Logging:  - Body:   {}
[2020-08-02T21:30:12.367] [INFO] Logging:  - ---Request ends here---
[2020-08-02T21:30:48.477] [INFO] Logging:  - ---Request begins here---
[2020-08-02T21:30:48.477] [INFO] Logging:  - Method: GET
[2020-08-02T21:30:48.478] [INFO] Logging:  - Path:   /api/users/profile
[2020-08-02T21:30:48.479] [INFO] Logging:  - Body:   {}
[2020-08-02T21:30:48.480] [INFO] Logging:  - ---Request ends here---
[2020-08-02T21:31:25.664] [INFO] Logging:  - ---Request begins here---
[2020-08-02T21:31:25.666] [INFO] Logging:  - Method: GET
[2020-08-02T21:31:25.667] [INFO] Logging:  - Path:   /api/users/profile
[2020-08-02T21:31:25.669] [INFO] Logging:  - Body:   {}
[2020-08-02T21:31:25.670] [INFO] Logging:  - ---Request ends here---
[2020-08-02T21:32:08.471] [INFO] Logging:  - Listening on http://127.0.0.1:4000
[2020-08-02T21:32:10.645] [INFO] Logging:  - Successfully connected to MongoDB!
[2020-08-02T21:33:28.102] [INFO] Logging:  - ---Request begins here---
[2020-08-02T21:33:28.126] [INFO] Logging:  - Method: GET
[2020-08-02T21:33:28.130] [INFO] Logging:  - Path:   /api/users/profile
[2020-08-02T21:33:28.133] [INFO] Logging:  - Body:   {}
[2020-08-02T21:33:28.138] [INFO] Logging:  - ---Request ends here---
[2020-08-02T21:35:30.784] [INFO] Logging:  - ---Request begins here---
[2020-08-02T21:35:30.784] [INFO] Logging:  - Method: GET
[2020-08-02T21:35:30.785] [INFO] Logging:  - Path:   /api/users/profile
[2020-08-02T21:35:30.787] [INFO] Logging:  - Body:   {}
[2020-08-02T21:35:30.789] [INFO] Logging:  - ---Request ends here---
[2020-08-02T21:36:00.194] [INFO] Logging:  - ---Request begins here---
[2020-08-02T21:36:00.198] [INFO] Logging:  - Method: GET
[2020-08-02T21:36:00.199] [INFO] Logging:  - Path:   /api/users/profile
[2020-08-02T21:36:00.207] [INFO] Logging:  - Body:   {}
[2020-08-02T21:36:00.209] [INFO] Logging:  - ---Request ends here---
[2020-08-02T21:36:57.565] [INFO] Logging:  - ---Request begins here---
[2020-08-02T21:36:57.568] [INFO] Logging:  - Method: GET
[2020-08-02T21:36:57.570] [INFO] Logging:  - Path:   /api/users/profile
[2020-08-02T21:36:57.572] [INFO] Logging:  - Body:   {}
[2020-08-02T21:36:57.575] [INFO] Logging:  - ---Request ends here---
[2020-08-02T21:38:54.219] [INFO] Logging:  - ---Request begins here---
[2020-08-02T21:38:54.220] [INFO] Logging:  - Method: GET
[2020-08-02T21:38:54.221] [INFO] Logging:  - Path:   /api/users/profile
[2020-08-02T21:38:54.223] [INFO] Logging:  - Body:   {}
[2020-08-02T21:38:54.225] [INFO] Logging:  - ---Request ends here---
[2020-08-02T21:39:26.412] [INFO] Logging:  - ---Request begins here---
[2020-08-02T21:39:26.420] [INFO] Logging:  - Method: GET
[2020-08-02T21:39:26.421] [INFO] Logging:  - Path:   /api/users/profile
[2020-08-02T21:39:26.421] [INFO] Logging:  - Body:   {}
[2020-08-02T21:39:26.422] [INFO] Logging:  - ---Request ends here---
[2020-08-02T21:39:57.647] [INFO] Logging:  - ---Request begins here---
[2020-08-02T21:39:57.655] [INFO] Logging:  - Method: GET
[2020-08-02T21:39:57.657] [INFO] Logging:  - Path:   /api/users/profile
[2020-08-02T21:39:57.658] [INFO] Logging:  - Body:   {}
[2020-08-02T21:39:57.659] [INFO] Logging:  - ---Request ends here---
[2020-08-02T21:40:32.232] [INFO] Logging:  - ---Request begins here---
[2020-08-02T21:40:32.233] [INFO] Logging:  - Method: GET
[2020-08-02T21:40:32.234] [INFO] Logging:  - Path:   /api/users/profile
[2020-08-02T21:40:32.235] [INFO] Logging:  - Body:   {}
[2020-08-02T21:40:32.236] [INFO] Logging:  - ---Request ends here---
[2020-08-02T21:40:44.641] [INFO] Logging:  - ---Request begins here---
[2020-08-02T21:40:44.642] [INFO] Logging:  - Method: GET
[2020-08-02T21:40:44.644] [INFO] Logging:  - Path:   /api/users/profile
[2020-08-02T21:40:44.646] [INFO] Logging:  - Body:   {}
[2020-08-02T21:40:44.647] [INFO] Logging:  - ---Request ends here---
[2020-08-02T21:41:20.595] [INFO] Logging:  - ---Request begins here---
[2020-08-02T21:41:20.738] [INFO] Logging:  - Method: GET
[2020-08-02T21:41:20.740] [INFO] Logging:  - Path:   /api/users/profile
[2020-08-02T21:41:20.742] [INFO] Logging:  - Body:   {}
[2020-08-02T21:41:20.743] [INFO] Logging:  - ---Request ends here---
[2020-08-02T21:42:08.337] [INFO] Logging:  - ---Request begins here---
[2020-08-02T21:42:08.351] [INFO] Logging:  - Method: GET
[2020-08-02T21:42:08.353] [INFO] Logging:  - Path:   /api/users/profile
[2020-08-02T21:42:08.355] [INFO] Logging:  - Body:   {}
[2020-08-02T21:42:08.405] [INFO] Logging:  - ---Request ends here---
[2020-08-02T21:45:25.082] [INFO] Logging:  - ---Request begins here---
[2020-08-02T21:45:25.100] [INFO] Logging:  - Method: GET
[2020-08-02T21:45:25.100] [INFO] Logging:  - Path:   /api/users/profile
[2020-08-02T21:45:25.101] [INFO] Logging:  - Body:   {}
[2020-08-02T21:45:25.103] [INFO] Logging:  - ---Request ends here---
[2020-08-02T21:45:35.524] [INFO] Logging:  - ---Request begins here---
[2020-08-02T21:45:35.525] [INFO] Logging:  - Method: GET
[2020-08-02T21:45:35.525] [INFO] Logging:  - Path:   /api/users/profile
[2020-08-02T21:45:35.527] [INFO] Logging:  - Body:   {}
[2020-08-02T21:45:35.529] [INFO] Logging:  - ---Request ends here---
[2020-08-02T21:50:18.720] [INFO] Logging:  - ---Request begins here---
[2020-08-02T21:50:18.724] [INFO] Logging:  - Method: GET
[2020-08-02T21:50:18.725] [INFO] Logging:  - Path:   /api/users/profile
[2020-08-02T21:50:18.726] [INFO] Logging:  - Body:   {}
[2020-08-02T21:50:18.736] [INFO] Logging:  - ---Request ends here---
[2020-08-02T21:50:33.440] [INFO] Logging:  - ---Request begins here---
[2020-08-02T21:50:33.441] [INFO] Logging:  - Method: GET
[2020-08-02T21:50:33.442] [INFO] Logging:  - Path:   /api/questions
[2020-08-02T21:50:33.443] [INFO] Logging:  - Body:   {}
[2020-08-02T21:50:33.444] [INFO] Logging:  - ---Request ends here---
[2020-08-02T21:51:07.012] [INFO] Logging:  - ---Request begins here---
[2020-08-02T21:51:07.015] [INFO] Logging:  - Method: GET
[2020-08-02T21:51:07.016] [INFO] Logging:  - Path:   /api/questions
[2020-08-02T21:51:07.019] [INFO] Logging:  - Body:   {}
[2020-08-02T21:51:07.021] [INFO] Logging:  - ---Request ends here---
[2020-08-02T21:51:59.174] [INFO] Logging:  - ---Request begins here---
[2020-08-02T21:51:59.184] [INFO] Logging:  - Method: GET
[2020-08-02T21:51:59.185] [INFO] Logging:  - Path:   /api/users/profile
[2020-08-02T21:51:59.187] [INFO] Logging:  - Body:   {}
[2020-08-02T21:51:59.188] [INFO] Logging:  - ---Request ends here---
[2020-08-02T21:52:15.794] [INFO] Logging:  - ---Request begins here---
[2020-08-02T21:52:15.794] [INFO] Logging:  - Method: GET
[2020-08-02T21:52:15.796] [INFO] Logging:  - Path:   /api/questions
[2020-08-02T21:52:15.796] [INFO] Logging:  - Body:   {}
[2020-08-02T21:52:15.797] [INFO] Logging:  - ---Request ends here---
[2020-08-02T21:53:11.193] [INFO] Logging:  - ---Request begins here---
[2020-08-02T21:53:11.194] [INFO] Logging:  - Method: GET
[2020-08-02T21:53:11.195] [INFO] Logging:  - Path:   /api/questions
[2020-08-02T21:53:11.209] [INFO] Logging:  - Body:   {
  userId: '5ed3b8e30a56eb1718e760e9',
  className: '9',
  subject: 'Science',
  chapter: '8. Motion'
}
[2020-08-02T21:53:11.215] [INFO] Logging:  - ---Request ends here---
[2020-08-02T21:53:11.928] [INFO] Logging:  - Sending already asked questions:  [
  {
    solution: '',
    subject: 'Science',
    chapter: '8. Motion',
    difficultyLevel: 1,
    _id: 5f25113caa47ed53f098a94e,
    problemStatement: 'ps1',
    options: { a: 'a1', b: 'b1', c: 'c1', d: 'd1' },
    answer: { a: true, b: false, c: false, d: true },
    uploader: 'redhusunny1994@gmail.com',
    class: 9,
    __v: 0
  },
  {
    solution: '',
    subject: 'Science',
    chapter: '8. Motion',
    difficultyLevel: 1,
    _id: 5f25113caa47ed53f098a94f,
    problemStatement: 'ps2',
    options: { a: 'a2', b: 'b2', c: 'c2', d: 'd2' },
    answer: { a: false, b: true, c: false, d: false },
    uploader: 'redhusunny1994@gmail.com',
    class: 9,
    __v: 0
  },
  {
    solution: '',
    subject: 'Science',
    chapter: '8. Motion',
    difficultyLevel: 1,
    _id: 5f2689e2b3a00b47bc24c72a,
    problemStatement: 'ps3',
    options: { a: 'a3', b: 'b3', c: 'c3', d: 'd3' },
    answer: { a: false, b: false, c: true, d: false },
    uploader: 'redhusunny1994@gmail.com',
    class: 9,
    __v: 0
  },
  {
    solution: '',
    subject: 'Science',
    chapter: '8. Motion',
    difficultyLevel: 1,
    _id: 5f2689e2b3a00b47bc24c72b,
    problemStatement: 'ps4',
    options: { a: 'a4', b: 'b4', c: 'c4', d: 'd4' },
    answer: { a: false, b: false, c: false, d: true },
    uploader: 'redhusunny1994@gmail.com',
    class: 9,
    __v: 0
  },
  {
    solution: '',
    subject: 'Science',
    chapter: '8. Motion',
    difficultyLevel: 1,
    _id: 5f2689e2b3a00b47bc24c72c,
    problemStatement: 'ps5',
    options: { a: 'a5', b: 'b5', c: 'c5', d: 'd5' },
    answer: { a: true, b: false, c: false, d: false },
    uploader: 'redhusunny1994@gmail.com',
    class: 9,
    __v: 0
  }
]
[2020-08-02T21:55:07.362] [INFO] Logging:  - Listening on http://127.0.0.1:4000
[2020-08-02T21:55:09.483] [INFO] Logging:  - Successfully connected to MongoDB!
[2020-08-02T21:55:15.180] [INFO] Logging:  - ---Request begins here---
[2020-08-02T21:55:15.181] [INFO] Logging:  - Method: GET
[2020-08-02T21:55:15.182] [INFO] Logging:  - Path:   /api/questions
[2020-08-02T21:55:15.183] [INFO] Logging:  - Body:   {}
[2020-08-02T21:55:15.191] [INFO] Logging:  - ---Request ends here---
[2020-08-02T21:56:33.819] [INFO] Logging:  - ---Request begins here---
[2020-08-02T21:56:33.820] [INFO] Logging:  - Method: GET
[2020-08-02T21:56:33.821] [INFO] Logging:  - Path:   /api/users/profile
[2020-08-02T21:56:33.822] [INFO] Logging:  - Body:   {}
[2020-08-02T21:56:33.823] [INFO] Logging:  - ---Request ends here---
[2020-08-02T21:56:55.966] [INFO] Logging:  - ---Request begins here---
[2020-08-02T21:56:55.968] [INFO] Logging:  - Method: GET
[2020-08-02T21:56:55.970] [INFO] Logging:  - Path:   /api/questions
[2020-08-02T21:56:55.971] [INFO] Logging:  - Body:   {}
[2020-08-02T21:56:55.976] [INFO] Logging:  - ---Request ends here---
[2020-08-02T21:59:52.708] [INFO] Logging:  - ---Request begins here---
[2020-08-02T21:59:52.709] [INFO] Logging:  - Method: GET
[2020-08-02T21:59:52.710] [INFO] Logging:  - Path:   /api/users/profile
[2020-08-02T21:59:52.718] [INFO] Logging:  - Body:   {}
[2020-08-02T21:59:52.719] [INFO] Logging:  - ---Request ends here---
[2020-08-02T22:04:53.163] [INFO] Logging:  - ---Request begins here---
[2020-08-02T22:04:53.164] [INFO] Logging:  - Method: GET
[2020-08-02T22:04:53.166] [INFO] Logging:  - Path:   /api/users/profile
[2020-08-02T22:04:53.167] [INFO] Logging:  - Body:   {}
[2020-08-02T22:04:53.168] [INFO] Logging:  - ---Request ends here---
[2020-08-02T22:05:02.233] [INFO] Logging:  - ---Request begins here---
[2020-08-02T22:05:02.237] [INFO] Logging:  - Method: GET
[2020-08-02T22:05:02.237] [INFO] Logging:  - Path:   /api/questions
[2020-08-02T22:05:02.242] [INFO] Logging:  - Body:   {}
[2020-08-02T22:05:02.244] [INFO] Logging:  - ---Request ends here---
[2020-08-02T22:06:28.620] [INFO] Logging:  - ---Request begins here---
[2020-08-02T22:06:28.625] [INFO] Logging:  - Method: GET
[2020-08-02T22:06:28.626] [INFO] Logging:  - Path:   /api/users/profile
[2020-08-02T22:06:28.627] [INFO] Logging:  - Body:   {}
[2020-08-02T22:06:28.628] [INFO] Logging:  - ---Request ends here---
[2020-08-02T22:06:42.641] [INFO] Logging:  - ---Request begins here---
[2020-08-02T22:06:42.706] [INFO] Logging:  - Method: GET
[2020-08-02T22:06:42.710] [INFO] Logging:  - Path:   /api/users/profile
[2020-08-02T22:06:42.713] [INFO] Logging:  - Body:   {}
[2020-08-02T22:06:42.732] [INFO] Logging:  - ---Request ends here---
[2020-08-02T22:07:17.568] [INFO] Logging:  - ---Request begins here---
[2020-08-02T22:07:17.569] [INFO] Logging:  - Method: GET
[2020-08-02T22:07:17.569] [INFO] Logging:  - Path:   /api/users/profile
[2020-08-02T22:07:17.570] [INFO] Logging:  - Body:   {}
[2020-08-02T22:07:17.571] [INFO] Logging:  - ---Request ends here---
[2020-08-02T22:07:36.520] [INFO] Logging:  - ---Request begins here---
[2020-08-02T22:07:36.523] [INFO] Logging:  - Method: GET
[2020-08-02T22:07:36.524] [INFO] Logging:  - Path:   /api/questions/
[2020-08-02T22:07:36.526] [INFO] Logging:  - Body:   {}
[2020-08-02T22:07:36.528] [INFO] Logging:  - ---Request ends here---
[2020-08-02T22:08:19.932] [INFO] Logging:  - ---Request begins here---
[2020-08-02T22:08:19.940] [INFO] Logging:  - Method: GET
[2020-08-02T22:08:19.942] [INFO] Logging:  - Path:   /api/users/profile
[2020-08-02T22:08:19.943] [INFO] Logging:  - Body:   {}
[2020-08-02T22:08:19.945] [INFO] Logging:  - ---Request ends here---
[2020-08-02T22:08:23.514] [INFO] Logging:  - ---Request begins here---
[2020-08-02T22:08:23.515] [INFO] Logging:  - Method: GET
[2020-08-02T22:08:23.516] [INFO] Logging:  - Path:   /api/users/profile
[2020-08-02T22:08:23.518] [INFO] Logging:  - Body:   {}
[2020-08-02T22:08:23.529] [INFO] Logging:  - ---Request ends here---
[2020-08-02T22:09:19.978] [INFO] Logging:  - ---Request begins here---
[2020-08-02T22:09:19.978] [INFO] Logging:  - Method: GET
[2020-08-02T22:09:19.979] [INFO] Logging:  - Path:   /api/users/profile
[2020-08-02T22:09:19.980] [INFO] Logging:  - Body:   {}
[2020-08-02T22:09:19.981] [INFO] Logging:  - ---Request ends here---
[2020-08-02T22:09:26.905] [INFO] Logging:  - Listening on http://127.0.0.1:4000
[2020-08-02T22:09:28.990] [INFO] Logging:  - Successfully connected to MongoDB!
[2020-08-02T22:09:40.652] [INFO] Logging:  - ---Request begins here---
[2020-08-02T22:09:40.657] [INFO] Logging:  - Method: GET
[2020-08-02T22:09:40.658] [INFO] Logging:  - Path:   /api/questions/get
[2020-08-02T22:09:40.659] [INFO] Logging:  - Body:   {}
[2020-08-02T22:09:40.661] [INFO] Logging:  - ---Request ends here---
[2020-08-02T22:10:05.063] [INFO] Logging:  - Listening on http://127.0.0.1:4000
[2020-08-02T22:10:07.191] [INFO] Logging:  - Successfully connected to MongoDB!
[2020-08-02T22:10:09.499] [INFO] Logging:  - ---Request begins here---
[2020-08-02T22:10:09.536] [INFO] Logging:  - Method: GET
[2020-08-02T22:10:09.537] [INFO] Logging:  - Path:   /api/users/profile
[2020-08-02T22:10:09.538] [INFO] Logging:  - Body:   {}
[2020-08-02T22:10:09.545] [INFO] Logging:  - ---Request ends here---
[2020-08-02T22:10:29.499] [INFO] Logging:  - ---Request begins here---
[2020-08-02T22:10:29.500] [INFO] Logging:  - Method: GET
[2020-08-02T22:10:29.502] [INFO] Logging:  - Path:   /api/questions
[2020-08-02T22:10:29.506] [INFO] Logging:  - Body:   {}
[2020-08-02T22:10:29.508] [INFO] Logging:  - ---Request ends here---
[2020-08-02T22:12:25.368] [INFO] Logging:  - ---Request begins here---
[2020-08-02T22:12:25.370] [INFO] Logging:  - Method: GET
[2020-08-02T22:12:25.371] [INFO] Logging:  - Path:   /api/users/profile
[2020-08-02T22:12:25.384] [INFO] Logging:  - Body:   {}
[2020-08-02T22:12:25.385] [INFO] Logging:  - ---Request ends here---
[2020-08-02T22:12:57.254] [INFO] Logging:  - ---Request begins here---
[2020-08-02T22:12:57.255] [INFO] Logging:  - Method: GET
[2020-08-02T22:12:57.256] [INFO] Logging:  - Path:   /api/questions
[2020-08-02T22:12:57.257] [INFO] Logging:  - Body:   {}
[2020-08-02T22:12:57.264] [INFO] Logging:  - ---Request ends here---
[2020-08-02T22:13:50.156] [INFO] Logging:  - Listening on http://127.0.0.1:4000
[2020-08-02T22:13:52.343] [INFO] Logging:  - Successfully connected to MongoDB!
[2020-08-02T22:14:03.938] [INFO] Logging:  - Listening on http://127.0.0.1:4000
[2020-08-02T22:14:05.856] [INFO] Logging:  - Successfully connected to MongoDB!
[2020-08-02T22:14:24.550] [INFO] Logging:  - ---Request begins here---
[2020-08-02T22:14:24.552] [INFO] Logging:  - Method: GET
[2020-08-02T22:14:24.553] [INFO] Logging:  - Path:   /api/questions
[2020-08-02T22:14:24.562] [INFO] Logging:  - Body:   {}
[2020-08-02T22:14:24.569] [INFO] Logging:  - ---Request ends here---
[2020-08-02T22:14:57.421] [INFO] Logging:  - ---Request begins here---
[2020-08-02T22:14:57.425] [INFO] Logging:  - Method: GET
[2020-08-02T22:14:57.426] [INFO] Logging:  - Path:   /api/users/profile
[2020-08-02T22:14:57.428] [INFO] Logging:  - Body:   {}
[2020-08-02T22:14:57.431] [INFO] Logging:  - ---Request ends here---
[2020-08-02T22:15:11.939] [INFO] Logging:  - ---Request begins here---
[2020-08-02T22:15:11.941] [INFO] Logging:  - Method: GET
[2020-08-02T22:15:11.944] [INFO] Logging:  - Path:   /api/questions
[2020-08-02T22:15:11.945] [INFO] Logging:  - Body:   {}
[2020-08-02T22:15:11.946] [INFO] Logging:  - ---Request ends here---
[2020-08-02T22:21:08.242] [INFO] Logging:  - ---Request begins here---
[2020-08-02T22:21:08.243] [INFO] Logging:  - Method: GET
[2020-08-02T22:21:08.244] [INFO] Logging:  - Path:   /api/users/profile
[2020-08-02T22:21:08.245] [INFO] Logging:  - Body:   {}
[2020-08-02T22:21:08.246] [INFO] Logging:  - ---Request ends here---
[2020-08-02T22:23:31.488] [INFO] Logging:  - Listening on http://127.0.0.1:4000
[2020-08-02T22:23:34.278] [INFO] Logging:  - Successfully connected to MongoDB!
[2020-08-02T22:24:10.662] [INFO] Logging:  - Listening on http://127.0.0.1:4000
[2020-08-02T22:24:12.779] [INFO] Logging:  - Successfully connected to MongoDB!
[2020-08-02T22:24:25.950] [INFO] Logging:  - ---Request begins here---
[2020-08-02T22:24:25.952] [INFO] Logging:  - Method: GET
[2020-08-02T22:24:25.953] [INFO] Logging:  - Path:   /api/questions
[2020-08-02T22:24:25.954] [INFO] Logging:  - Body:   {}
[2020-08-02T22:24:25.963] [INFO] Logging:  - ---Request ends here---
[2020-08-02T22:24:51.691] [INFO] Logging:  - Listening on http://127.0.0.1:4000
[2020-08-02T22:24:53.657] [INFO] Logging:  - Successfully connected to MongoDB!
[2020-08-02T22:25:39.799] [INFO] Logging:  - ---Request begins here---
[2020-08-02T22:25:39.802] [INFO] Logging:  - Method: GET
[2020-08-02T22:25:39.803] [INFO] Logging:  - Path:   /api/questions
[2020-08-02T22:25:39.804] [INFO] Logging:  - Body:   {}
[2020-08-02T22:25:39.810] [INFO] Logging:  - ---Request ends here---
[2020-08-02T22:25:41.450] [INFO] Logging:  - Sending already asked questions:  [
  {
    solution: '',
    subject: 'Science',
    chapter: '8. Motion',
    difficultyLevel: 1,
    _id: 5f25113caa47ed53f098a94e,
    problemStatement: 'ps1',
    options: { a: 'a1', b: 'b1', c: 'c1', d: 'd1' },
    answer: { a: true, b: false, c: false, d: true },
    uploader: 'redhusunny1994@gmail.com',
    class: 9,
    __v: 0
  },
  {
    solution: '',
    subject: 'Science',
    chapter: '8. Motion',
    difficultyLevel: 1,
    _id: 5f25113caa47ed53f098a94f,
    problemStatement: 'ps2',
    options: { a: 'a2', b: 'b2', c: 'c2', d: 'd2' },
    answer: { a: false, b: true, c: false, d: false },
    uploader: 'redhusunny1994@gmail.com',
    class: 9,
    __v: 0
  },
  {
    solution: '',
    subject: 'Science',
    chapter: '8. Motion',
    difficultyLevel: 1,
    _id: 5f2689e2b3a00b47bc24c72a,
    problemStatement: 'ps3',
    options: { a: 'a3', b: 'b3', c: 'c3', d: 'd3' },
    answer: { a: false, b: false, c: true, d: false },
    uploader: 'redhusunny1994@gmail.com',
    class: 9,
    __v: 0
  },
  {
    solution: '',
    subject: 'Science',
    chapter: '8. Motion',
    difficultyLevel: 1,
    _id: 5f2689e2b3a00b47bc24c72b,
    problemStatement: 'ps4',
    options: { a: 'a4', b: 'b4', c: 'c4', d: 'd4' },
    answer: { a: false, b: false, c: false, d: true },
    uploader: 'redhusunny1994@gmail.com',
    class: 9,
    __v: 0
  },
  {
    solution: '',
    subject: 'Science',
    chapter: '8. Motion',
    difficultyLevel: 1,
    _id: 5f2689e2b3a00b47bc24c72c,
    problemStatement: 'ps5',
    options: { a: 'a5', b: 'b5', c: 'c5', d: 'd5' },
    answer: { a: true, b: false, c: false, d: false },
    uploader: 'redhusunny1994@gmail.com',
    class: 9,
    __v: 0
  }
]
[2020-08-02T22:30:04.199] [INFO] Logging:  - ---Request begins here---
[2020-08-02T22:30:04.208] [INFO] Logging:  - Method: GET
[2020-08-02T22:30:04.211] [INFO] Logging:  - Path:   /api/users/profile
[2020-08-02T22:30:04.220] [INFO] Logging:  - Body:   {}
[2020-08-02T22:30:04.221] [INFO] Logging:  - ---Request ends here---
[2020-08-02T22:30:12.551] [INFO] Logging:  - ---Request begins here---
[2020-08-02T22:30:12.572] [INFO] Logging:  - Method: GET
[2020-08-02T22:30:12.573] [INFO] Logging:  - Path:   /api/users/profile
[2020-08-02T22:30:12.580] [INFO] Logging:  - Body:   {}
[2020-08-02T22:30:12.583] [INFO] Logging:  - ---Request ends here---
[2020-08-02T22:31:13.129] [INFO] Logging:  - ---Request begins here---
[2020-08-02T22:31:13.130] [INFO] Logging:  - Method: GET
[2020-08-02T22:31:13.131] [INFO] Logging:  - Path:   /api/questions
[2020-08-02T22:31:13.132] [INFO] Logging:  - Body:   {}
[2020-08-02T22:31:13.133] [INFO] Logging:  - ---Request ends here---
[2020-08-02T22:31:14.041] [INFO] Logging:  - Sending already asked questions:  [
  {
    solution: '',
    subject: 'Science',
    chapter: '8. Motion',
    difficultyLevel: 1,
    _id: 5f25113caa47ed53f098a94e,
    problemStatement: 'ps1',
    options: { a: 'a1', b: 'b1', c: 'c1', d: 'd1' },
    answer: { a: true, b: false, c: false, d: true },
    uploader: 'redhusunny1994@gmail.com',
    class: 9,
    __v: 0
  },
  {
    solution: '',
    subject: 'Science',
    chapter: '8. Motion',
    difficultyLevel: 1,
    _id: 5f25113caa47ed53f098a94f,
    problemStatement: 'ps2',
    options: { a: 'a2', b: 'b2', c: 'c2', d: 'd2' },
    answer: { a: false, b: true, c: false, d: false },
    uploader: 'redhusunny1994@gmail.com',
    class: 9,
    __v: 0
  },
  {
    solution: '',
    subject: 'Science',
    chapter: '8. Motion',
    difficultyLevel: 1,
    _id: 5f2689e2b3a00b47bc24c72a,
    problemStatement: 'ps3',
    options: { a: 'a3', b: 'b3', c: 'c3', d: 'd3' },
    answer: { a: false, b: false, c: true, d: false },
    uploader: 'redhusunny1994@gmail.com',
    class: 9,
    __v: 0
  },
  {
    solution: '',
    subject: 'Science',
    chapter: '8. Motion',
    difficultyLevel: 1,
    _id: 5f2689e2b3a00b47bc24c72b,
    problemStatement: 'ps4',
    options: { a: 'a4', b: 'b4', c: 'c4', d: 'd4' },
    answer: { a: false, b: false, c: false, d: true },
    uploader: 'redhusunny1994@gmail.com',
    class: 9,
    __v: 0
  },
  {
    solution: '',
    subject: 'Science',
    chapter: '8. Motion',
    difficultyLevel: 1,
    _id: 5f2689e2b3a00b47bc24c72c,
    problemStatement: 'ps5',
    options: { a: 'a5', b: 'b5', c: 'c5', d: 'd5' },
    answer: { a: true, b: false, c: false, d: false },
    uploader: 'redhusunny1994@gmail.com',
    class: 9,
    __v: 0
  }
]
[2020-08-02T22:33:15.592] [INFO] Logging:  - Listening on http://127.0.0.1:4000
[2020-08-02T22:33:17.617] [INFO] Logging:  - Successfully connected to MongoDB!
[2020-08-02T22:35:08.910] [INFO] Logging:  - ---Request begins here---
[2020-08-02T22:35:08.911] [INFO] Logging:  - Method: GET
[2020-08-02T22:35:08.912] [INFO] Logging:  - Path:   /api/users/profile
[2020-08-02T22:35:08.927] [INFO] Logging:  - Body:   {}
[2020-08-02T22:35:08.928] [INFO] Logging:  - ---Request ends here---
[2020-08-02T22:36:11.257] [INFO] Logging:  - Listening on http://127.0.0.1:4000
[2020-08-02T22:36:13.697] [INFO] Logging:  - Successfully connected to MongoDB!
[2020-08-02T22:36:22.628] [INFO] Logging:  - Listening on http://127.0.0.1:4000
[2020-08-02T22:36:24.653] [INFO] Logging:  - Successfully connected to MongoDB!
[2020-08-02T22:37:25.674] [INFO] Logging:  - ---Request begins here---
[2020-08-02T22:37:25.675] [INFO] Logging:  - Method: GET
[2020-08-02T22:37:25.676] [INFO] Logging:  - Path:   /api/users/profile
[2020-08-02T22:37:25.677] [INFO] Logging:  - Body:   {}
[2020-08-02T22:37:25.689] [INFO] Logging:  - ---Request ends here---
[2020-08-02T22:37:37.079] [INFO] Logging:  - ---Request begins here---
[2020-08-02T22:37:37.080] [INFO] Logging:  - Method: GET
[2020-08-02T22:37:37.081] [INFO] Logging:  - Path:   /api/questions
[2020-08-02T22:37:37.082] [INFO] Logging:  - Body:   {}
[2020-08-02T22:37:37.083] [INFO] Logging:  - ---Request ends here---
[2020-08-02T22:39:28.540] [INFO] Logging:  - Listening on http://127.0.0.1:4000
[2020-08-02T22:39:30.328] [INFO] Logging:  - Successfully connected to MongoDB!
[2020-08-02T22:39:34.822] [INFO] Logging:  - ---Request begins here---
[2020-08-02T22:39:34.823] [INFO] Logging:  - Method: GET
[2020-08-02T22:39:34.824] [INFO] Logging:  - Path:   /api/questions
[2020-08-02T22:39:34.825] [INFO] Logging:  - Body:   {}
[2020-08-02T22:39:34.826] [INFO] Logging:  - ---Request ends here---
[2020-08-02T22:39:35.412] [ERROR] Logging:  - Error: Can't use chapter
    at ObjectId.SchemaType.castForQuery (C:\Users\I342082\Desktop\current-stuff\personal\jhakhaas-backend\node_modules\mongoose\lib\schematype.js:1444:13)
    at ObjectId.SchemaType.castForQueryWrapper (C:\Users\I342082\Desktop\current-stuff\personal\jhakhaas-backend\node_modules\mongoose\lib\schematype.js:1423:17)
    at cast (C:\Users\I342082\Desktop\current-stuff\personal\jhakhaas-backend\node_modules\mongoose\lib\cast.js:305:39)
    at model.Query.Query.cast (C:\Users\I342082\Desktop\current-stuff\personal\jhakhaas-backend\node_modules\mongoose\lib\query.js:4730:12)
    at model.Query.Query._castConditions (C:\Users\I342082\Desktop\current-stuff\personal\jhakhaas-backend\node_modules\mongoose\lib\query.js:1861:10)
    at model.Query.<anonymous> (C:\Users\I342082\Desktop\current-stuff\personal\jhakhaas-backend\node_modules\mongoose\lib\query.js:1888:8)
    at model.Query._wrappedThunk [as _find] (C:\Users\I342082\Desktop\current-stuff\personal\jhakhaas-backend\node_modules\mongoose\lib\helpers\query\wrapThunk.js:16:8)
    at C:\Users\I342082\Desktop\current-stuff\personal\jhakhaas-backend\node_modules\kareem\index.js:369:33
    at processTicksAndRejections (internal/process/task_queues.js:79:11)
[2020-08-02T22:41:10.708] [INFO] Logging:  - Listening on http://127.0.0.1:4000
[2020-08-02T22:41:12.798] [INFO] Logging:  - Successfully connected to MongoDB!
[2020-08-02T22:41:35.781] [INFO] Logging:  - Listening on http://127.0.0.1:4000
[2020-08-02T22:41:37.979] [INFO] Logging:  - Successfully connected to MongoDB!
[2020-08-02T22:42:32.671] [INFO] Logging:  - ---Request begins here---
[2020-08-02T22:42:32.672] [INFO] Logging:  - Method: GET
[2020-08-02T22:42:32.673] [INFO] Logging:  - Path:   /api/questions
[2020-08-02T22:42:32.674] [INFO] Logging:  - Body:   {}
[2020-08-02T22:42:32.684] [INFO] Logging:  - ---Request ends here---
[2020-08-02T22:42:34.483] [INFO] Logging:  - Sending new questions:  []
[2020-08-02T22:42:48.630] [INFO] Logging:  - ---Request begins here---
[2020-08-02T22:42:48.630] [INFO] Logging:  - Method: GET
[2020-08-02T22:42:48.631] [INFO] Logging:  - Path:   /api/questions
[2020-08-02T22:42:48.632] [INFO] Logging:  - Body:   {}
[2020-08-02T22:42:48.633] [INFO] Logging:  - ---Request ends here---
[2020-08-02T22:42:49.868] [INFO] Logging:  - Sending already asked questions:  [
  {
    solution: '',
    subject: 'Science',
    chapter: '8. Motion',
    difficultyLevel: 1,
    _id: 5f25113caa47ed53f098a94e,
    problemStatement: 'ps1',
    options: { a: 'a1', b: 'b1', c: 'c1', d: 'd1' },
    answer: { a: true, b: false, c: false, d: true },
    uploader: 'redhusunny1994@gmail.com',
    class: 9,
    __v: 0
  },
  {
    solution: '',
    subject: 'Science',
    chapter: '8. Motion',
    difficultyLevel: 1,
    _id: 5f25113caa47ed53f098a94f,
    problemStatement: 'ps2',
    options: { a: 'a2', b: 'b2', c: 'c2', d: 'd2' },
    answer: { a: false, b: true, c: false, d: false },
    uploader: 'redhusunny1994@gmail.com',
    class: 9,
    __v: 0
  },
  {
    solution: '',
    subject: 'Science',
    chapter: '8. Motion',
    difficultyLevel: 1,
    _id: 5f2689e2b3a00b47bc24c72a,
    problemStatement: 'ps3',
    options: { a: 'a3', b: 'b3', c: 'c3', d: 'd3' },
    answer: { a: false, b: false, c: true, d: false },
    uploader: 'redhusunny1994@gmail.com',
    class: 9,
    __v: 0
  },
  {
    solution: '',
    subject: 'Science',
    chapter: '8. Motion',
    difficultyLevel: 1,
    _id: 5f2689e2b3a00b47bc24c72b,
    problemStatement: 'ps4',
    options: { a: 'a4', b: 'b4', c: 'c4', d: 'd4' },
    answer: { a: false, b: false, c: false, d: true },
    uploader: 'redhusunny1994@gmail.com',
    class: 9,
    __v: 0
  },
  {
    solution: '',
    subject: 'Science',
    chapter: '8. Motion',
    difficultyLevel: 1,
    _id: 5f2689e2b3a00b47bc24c72c,
    problemStatement: 'ps5',
    options: { a: 'a5', b: 'b5', c: 'c5', d: 'd5' },
    answer: { a: true, b: false, c: false, d: false },
    uploader: 'redhusunny1994@gmail.com',
    class: 9,
    __v: 0
  }
]
[2020-08-03T15:52:28.157] [INFO] Logging:  - Listening on http://127.0.0.1:4000
[2020-08-03T15:52:31.190] [INFO] Logging:  - Successfully connected to MongoDB!
[2020-08-03T15:53:14.157] [INFO] Logging:  - ---Request begins here---
[2020-08-03T15:53:14.168] [INFO] Logging:  - Method: GET
[2020-08-03T15:53:14.196] [INFO] Logging:  - Path:   /api/users/profile
[2020-08-03T15:53:14.200] [INFO] Logging:  - Body:   {}
[2020-08-03T15:53:14.203] [INFO] Logging:  - ---Request ends here---
[2020-08-03T15:54:24.563] [INFO] Logging:  - ---Request begins here---
[2020-08-03T15:54:24.564] [INFO] Logging:  - Method: GET
[2020-08-03T15:54:24.565] [INFO] Logging:  - Path:   /auth/google/login
[2020-08-03T15:54:24.566] [INFO] Logging:  - Body:   {}
[2020-08-03T15:54:24.592] [INFO] Logging:  - ---Request ends here---
[2020-08-03T15:54:29.358] [INFO] Logging:  - ---Request begins here---
[2020-08-03T15:54:29.360] [INFO] Logging:  - Method: GET
[2020-08-03T15:54:29.364] [INFO] Logging:  - Path:   /auth/google/callback
[2020-08-03T15:54:29.406] [INFO] Logging:  - Body:   {}
[2020-08-03T15:54:29.449] [INFO] Logging:  - ---Request ends here---
[2020-08-03T15:54:30.927] [INFO] Logging:  - Profile: {"id":"107414121620518369845","displayName":"Sunny Redhu","name":{"familyName":"Redhu","givenName":"Sunny"},"emails":[{"value":"redhusunny1994@gmail.com","verified":true}],"photos":[{"value":"https://lh3.googleusercontent.com/a-/AOh14GhXmO1tFFdPPSJBhdj25bSPrM4ei-fKExaPN_h7sQ"}],"provider":"google","_raw":"{\n  \"sub\": \"107414121620518369845\",\n  \"name\": \"Sunny Redhu\",\n  \"given_name\": \"Sunny\",\n  \"family_name\": \"Redhu\",\n  \"picture\": \"https://lh3.googleusercontent.com/a-/AOh14GhXmO1tFFdPPSJBhdj25bSPrM4ei-fKExaPN_h7sQ\",\n  \"email\": \"redhusunny1994@gmail.com\",\n  \"email_verified\": true,\n  \"locale\": \"en\"\n}","_json":{"sub":"107414121620518369845","name":"Sunny Redhu","given_name":"Sunny","family_name":"Redhu","picture":"https://lh3.googleusercontent.com/a-/AOh14GhXmO1tFFdPPSJBhdj25bSPrM4ei-fKExaPN_h7sQ","email":"redhusunny1994@gmail.com","email_verified":true,"locale":"en"}}
[2020-08-03T15:54:31.325] [INFO] Logging:  - User redhusunny1994@gmail.com already exists. Logging in.
[2020-08-03T15:54:31.882] [INFO] Logging:  - ---Request begins here---
[2020-08-03T15:54:31.883] [INFO] Logging:  - Method: GET
[2020-08-03T15:54:31.884] [INFO] Logging:  - Path:   /api/users/profile
[2020-08-03T15:54:31.904] [INFO] Logging:  - Body:   {}
[2020-08-03T15:54:31.910] [INFO] Logging:  - ---Request ends here---
[2020-08-03T15:54:51.820] [INFO] Logging:  - ---Request begins here---
[2020-08-03T15:54:51.821] [INFO] Logging:  - Method: GET
[2020-08-03T15:54:51.822] [INFO] Logging:  - Path:   /api/questions
[2020-08-03T15:54:51.825] [INFO] Logging:  - Body:   {}
[2020-08-03T15:54:51.826] [INFO] Logging:  - ---Request ends here---
[2020-08-03T15:54:58.287] [INFO] Logging:  - ---Request begins here---
[2020-08-03T15:54:58.287] [INFO] Logging:  - Method: GET
[2020-08-03T15:54:58.288] [INFO] Logging:  - Path:   /api/questions
[2020-08-03T15:54:58.289] [INFO] Logging:  - Body:   {}
[2020-08-03T15:54:58.313] [INFO] Logging:  - ---Request ends here---
[2020-08-03T15:55:00.273] [INFO] Logging:  - Sending new questions:  []
[2020-08-03T16:03:22.653] [INFO] Logging:  - ---Request begins here---
[2020-08-03T16:03:22.740] [INFO] Logging:  - Method: GET
[2020-08-03T16:03:22.741] [INFO] Logging:  - Path:   /api/users/profile
[2020-08-03T16:03:22.779] [INFO] Logging:  - Body:   {}
[2020-08-03T16:03:22.865] [INFO] Logging:  - ---Request ends here---
[2020-08-03T16:05:01.378] [INFO] Logging:  - ---Request begins here---
[2020-08-03T16:05:01.379] [INFO] Logging:  - Method: GET
[2020-08-03T16:05:01.379] [INFO] Logging:  - Path:   /api/questions
[2020-08-03T16:05:01.381] [INFO] Logging:  - Body:   {}
[2020-08-03T16:05:01.382] [INFO] Logging:  - ---Request ends here---
[2020-08-03T16:05:04.675] [INFO] Logging:  - Sending new questions:  []
[2020-08-03T16:07:53.954] [INFO] Logging:  - ---Request begins here---
[2020-08-03T16:07:53.955] [INFO] Logging:  - Method: GET
[2020-08-03T16:07:53.955] [INFO] Logging:  - Path:   /api/users/profile
[2020-08-03T16:07:53.957] [INFO] Logging:  - Body:   {}
[2020-08-03T16:07:53.958] [INFO] Logging:  - ---Request ends here---
[2020-08-03T16:08:04.950] [INFO] Logging:  - ---Request begins here---
[2020-08-03T16:08:04.951] [INFO] Logging:  - Method: GET
[2020-08-03T16:08:04.952] [INFO] Logging:  - Path:   /api/questions
[2020-08-03T16:08:04.953] [INFO] Logging:  - Body:   {}
[2020-08-03T16:08:04.972] [INFO] Logging:  - ---Request ends here---
[2020-08-03T16:08:06.813] [INFO] Logging:  - Sending new questions:  []
[2020-08-03T16:08:12.463] [INFO] Logging:  - ---Request begins here---
[2020-08-03T16:08:12.464] [INFO] Logging:  - Method: GET
[2020-08-03T16:08:12.466] [INFO] Logging:  - Path:   /api/questions
[2020-08-03T16:08:12.496] [INFO] Logging:  - Body:   {}
[2020-08-03T16:08:12.499] [INFO] Logging:  - ---Request ends here---
[2020-08-03T16:08:14.378] [INFO] Logging:  - Sending new questions:  []
[2020-08-03T16:08:27.793] [INFO] Logging:  - ---Request begins here---
[2020-08-03T16:08:27.793] [INFO] Logging:  - Method: GET
[2020-08-03T16:08:27.795] [INFO] Logging:  - Path:   /api/questions
[2020-08-03T16:08:27.796] [INFO] Logging:  - Body:   {}
[2020-08-03T16:08:27.797] [INFO] Logging:  - ---Request ends here---
[2020-08-03T16:08:30.689] [INFO] Logging:  - Sending new questions:  [
  {
    solution: '',
    subject: 'Science',
    chapter: '8. Motion',
    difficultyLevel: 1,
    _id: 5f2689e2b3a00b47bc24c72d,
    problemStatement: 'ps6',
    options: { a: 'a6', b: 'b6', c: 'c6', d: 'd6' },
    answer: { a: false, b: true, c: false, d: false },
    uploader: 'redhusunny1994@gmail.com',
    class: 9,
    __v: 0
  },
  {
    solution: '',
    subject: 'Science',
    chapter: '8. Motion',
    difficultyLevel: 1,
    _id: 5f2689e2b3a00b47bc24c72e,
    problemStatement: 'ps7',
    options: { a: 'a7', b: 'b7', c: 'c7', d: 'd7' },
    answer: { a: false, b: false, c: true, d: false },
    uploader: 'redhusunny1994@gmail.com',
    class: 9,
    __v: 0
  },
  {
    solution: '',
    subject: 'Science',
    chapter: '8. Motion',
    difficultyLevel: 1,
    _id: 5f2689e2b3a00b47bc24c72f,
    problemStatement: 'ps8',
    options: { a: 'a8', b: 'b8', c: 'c8', d: 'd8' },
    answer: { a: false, b: false, c: false, d: true },
    uploader: 'redhusunny1994@gmail.com',
    class: 9,
    __v: 0
  },
  {
    solution: '',
    subject: 'Science',
    chapter: '8. Motion',
    difficultyLevel: 1,
    _id: 5f2689e2b3a00b47bc24c730,
    problemStatement: 'ps9',
    options: { a: 'a9', b: 'b9', c: 'c9', d: 'd9' },
    answer: { a: true, b: false, c: false, d: false },
    uploader: 'redhusunny1994@gmail.com',
    class: 9,
    __v: 0
  }
]
[2020-08-03T16:12:01.861] [INFO] Logging:  - ---Request begins here---
[2020-08-03T16:12:01.862] [INFO] Logging:  - Method: GET
[2020-08-03T16:12:01.863] [INFO] Logging:  - Path:   /api/questions
[2020-08-03T16:12:01.864] [INFO] Logging:  - Body:   {}
[2020-08-03T16:12:01.865] [INFO] Logging:  - ---Request ends here---
[2020-08-03T16:12:04.200] [INFO] Logging:  - Sending already asked questions:  [
  {
    solution: '',
    subject: 'Science',
    chapter: '8. Motion',
    difficultyLevel: 1,
    _id: 5f2689e2b3a00b47bc24c72d,
    problemStatement: 'ps6',
    options: { a: 'a6', b: 'b6', c: 'c6', d: 'd6' },
    answer: { a: false, b: true, c: false, d: false },
    uploader: 'redhusunny1994@gmail.com',
    class: 9,
    __v: 0
  },
  {
    solution: '',
    subject: 'Science',
    chapter: '8. Motion',
    difficultyLevel: 1,
    _id: 5f2689e2b3a00b47bc24c72e,
    problemStatement: 'ps7',
    options: { a: 'a7', b: 'b7', c: 'c7', d: 'd7' },
    answer: { a: false, b: false, c: true, d: false },
    uploader: 'redhusunny1994@gmail.com',
    class: 9,
    __v: 0
  },
  {
    solution: '',
    subject: 'Science',
    chapter: '8. Motion',
    difficultyLevel: 1,
    _id: 5f2689e2b3a00b47bc24c72f,
    problemStatement: 'ps8',
    options: { a: 'a8', b: 'b8', c: 'c8', d: 'd8' },
    answer: { a: false, b: false, c: false, d: true },
    uploader: 'redhusunny1994@gmail.com',
    class: 9,
    __v: 0
  },
  {
    solution: '',
    subject: 'Science',
    chapter: '8. Motion',
    difficultyLevel: 1,
    _id: 5f2689e2b3a00b47bc24c730,
    problemStatement: 'ps9',
    options: { a: 'a9', b: 'b9', c: 'c9', d: 'd9' },
    answer: { a: true, b: false, c: false, d: false },
    uploader: 'redhusunny1994@gmail.com',
    class: 9,
    __v: 0
  }
]
[2020-08-03T16:14:13.012] [INFO] Logging:  - ---Request begins here---
[2020-08-03T16:14:13.026] [INFO] Logging:  - Method: GET
[2020-08-03T16:14:13.028] [INFO] Logging:  - Path:   /api/users/profile
[2020-08-03T16:14:13.031] [INFO] Logging:  - Body:   {}
[2020-08-03T16:14:13.034] [INFO] Logging:  - ---Request ends here---
[2020-08-03T16:15:30.873] [INFO] Logging:  - ---Request begins here---
[2020-08-03T16:15:30.874] [INFO] Logging:  - Method: GET
[2020-08-03T16:15:30.875] [INFO] Logging:  - Path:   /api/users/profile
[2020-08-03T16:15:30.875] [INFO] Logging:  - Body:   {}
[2020-08-03T16:15:30.876] [INFO] Logging:  - ---Request ends here---
[2020-08-03T16:15:43.617] [INFO] Logging:  - ---Request begins here---
[2020-08-03T16:15:43.617] [INFO] Logging:  - Method: GET
[2020-08-03T16:15:43.618] [INFO] Logging:  - Path:   /api/users/profile
[2020-08-03T16:15:43.619] [INFO] Logging:  - Body:   {}
[2020-08-03T16:15:43.626] [INFO] Logging:  - ---Request ends here---
[2020-08-03T16:15:53.679] [INFO] Logging:  - ---Request begins here---
[2020-08-03T16:15:53.680] [INFO] Logging:  - Method: GET
[2020-08-03T16:15:53.681] [INFO] Logging:  - Path:   /api/users/profile
[2020-08-03T16:15:53.685] [INFO] Logging:  - Body:   {}
[2020-08-03T16:15:53.687] [INFO] Logging:  - ---Request ends here---
[2020-08-03T16:16:15.615] [INFO] Logging:  - ---Request begins here---
[2020-08-03T16:16:15.617] [INFO] Logging:  - Method: GET
[2020-08-03T16:16:15.618] [INFO] Logging:  - Path:   /api/users/profile
[2020-08-03T16:16:15.622] [INFO] Logging:  - Body:   {}
[2020-08-03T16:16:15.623] [INFO] Logging:  - ---Request ends here---
[2020-08-03T16:16:53.989] [INFO] Logging:  - ---Request begins here---
[2020-08-03T16:16:53.992] [INFO] Logging:  - Method: GET
[2020-08-03T16:16:53.999] [INFO] Logging:  - Path:   /api/users/profile
[2020-08-03T16:16:54.000] [INFO] Logging:  - Body:   {}
[2020-08-03T16:16:54.001] [INFO] Logging:  - ---Request ends here---
[2020-08-03T16:17:28.587] [INFO] Logging:  - ---Request begins here---
[2020-08-03T16:17:28.593] [INFO] Logging:  - Method: GET
[2020-08-03T16:17:28.597] [INFO] Logging:  - Path:   /api/users/profile
[2020-08-03T16:17:28.598] [INFO] Logging:  - Body:   {}
[2020-08-03T16:17:28.603] [INFO] Logging:  - ---Request ends here---
[2020-08-03T16:17:36.472] [INFO] Logging:  - ---Request begins here---
[2020-08-03T16:17:36.473] [INFO] Logging:  - Method: GET
[2020-08-03T16:17:36.475] [INFO] Logging:  - Path:   /api/users/profile
[2020-08-03T16:17:36.476] [INFO] Logging:  - Body:   {}
[2020-08-03T16:17:36.481] [INFO] Logging:  - ---Request ends here---
[2020-08-03T16:20:22.580] [INFO] Logging:  - ---Request begins here---
[2020-08-03T16:20:22.581] [INFO] Logging:  - Method: GET
[2020-08-03T16:20:22.582] [INFO] Logging:  - Path:   /api/users/profile
[2020-08-03T16:20:22.582] [INFO] Logging:  - Body:   {}
[2020-08-03T16:20:22.583] [INFO] Logging:  - ---Request ends here---
[2020-08-03T16:21:18.182] [INFO] Logging:  - ---Request begins here---
[2020-08-03T16:21:18.213] [INFO] Logging:  - Method: GET
[2020-08-03T16:21:18.216] [INFO] Logging:  - Path:   /api/users/profile
[2020-08-03T16:21:18.217] [INFO] Logging:  - Body:   {}
[2020-08-03T16:21:18.219] [INFO] Logging:  - ---Request ends here---
[2020-08-03T16:52:52.077] [INFO] Logging:  - ---Request begins here---
[2020-08-03T16:52:52.085] [INFO] Logging:  - Method: GET
[2020-08-03T16:52:52.086] [INFO] Logging:  - Path:   /api/questions
[2020-08-03T16:52:52.086] [INFO] Logging:  - Body:   {}
[2020-08-03T16:52:52.089] [INFO] Logging:  - ---Request ends here---
[2020-08-03T16:52:54.565] [INFO] Logging:  - Sending already asked questions:  [
  {
    solution: '',
    subject: 'Science',
    chapter: '8. Motion',
    difficultyLevel: 1,
    _id: 5f2689e2b3a00b47bc24c72d,
    problemStatement: 'ps6',
    options: { a: 'a6', b: 'b6', c: 'c6', d: 'd6' },
    answer: { a: false, b: true, c: false, d: false },
    uploader: 'redhusunny1994@gmail.com',
    class: 9,
    __v: 0
  },
  {
    solution: '',
    subject: 'Science',
    chapter: '8. Motion',
    difficultyLevel: 1,
    _id: 5f2689e2b3a00b47bc24c72e,
    problemStatement: 'ps7',
    options: { a: 'a7', b: 'b7', c: 'c7', d: 'd7' },
    answer: { a: false, b: false, c: true, d: false },
    uploader: 'redhusunny1994@gmail.com',
    class: 9,
    __v: 0
  },
  {
    solution: '',
    subject: 'Science',
    chapter: '8. Motion',
    difficultyLevel: 1,
    _id: 5f2689e2b3a00b47bc24c72f,
    problemStatement: 'ps8',
    options: { a: 'a8', b: 'b8', c: 'c8', d: 'd8' },
    answer: { a: false, b: false, c: false, d: true },
    uploader: 'redhusunny1994@gmail.com',
    class: 9,
    __v: 0
  },
  {
    solution: '',
    subject: 'Science',
    chapter: '8. Motion',
    difficultyLevel: 1,
    _id: 5f2689e2b3a00b47bc24c730,
    problemStatement: 'ps9',
    options: { a: 'a9', b: 'b9', c: 'c9', d: 'd9' },
    answer: { a: true, b: false, c: false, d: false },
    uploader: 'redhusunny1994@gmail.com',
    class: 9,
    __v: 0
  }
]
[2020-08-03T17:00:04.747] [INFO] Logging:  - ---Request begins here---
[2020-08-03T17:00:04.747] [INFO] Logging:  - Method: GET
[2020-08-03T17:00:04.748] [INFO] Logging:  - Path:   /api/users/profile
[2020-08-03T17:00:04.749] [INFO] Logging:  - Body:   {}
[2020-08-03T17:00:04.750] [INFO] Logging:  - ---Request ends here---
[2020-08-03T17:00:20.843] [INFO] Logging:  - ---Request begins here---
[2020-08-03T17:00:20.845] [INFO] Logging:  - Method: GET
[2020-08-03T17:00:20.846] [INFO] Logging:  - Path:   /api/questions
[2020-08-03T17:00:20.847] [INFO] Logging:  - Body:   {}
[2020-08-03T17:00:20.850] [INFO] Logging:  - ---Request ends here---
[2020-08-03T17:00:22.144] [INFO] Logging:  - Sending new questions:  []
[2020-08-03T17:00:32.979] [INFO] Logging:  - ---Request begins here---
[2020-08-03T17:00:32.980] [INFO] Logging:  - Method: GET
[2020-08-03T17:00:32.982] [INFO] Logging:  - Path:   /api/questions
[2020-08-03T17:00:32.984] [INFO] Logging:  - Body:   {}
[2020-08-03T17:00:32.985] [INFO] Logging:  - ---Request ends here---
[2020-08-03T17:00:33.821] [INFO] Logging:  - Sending already asked questions:  [
  {
    solution: '',
    subject: 'Science',
    chapter: '8. Motion',
    difficultyLevel: 1,
    _id: 5f2689e2b3a00b47bc24c72d,
    problemStatement: 'ps6',
    options: { a: 'a6', b: 'b6', c: 'c6', d: 'd6' },
    answer: { a: false, b: true, c: false, d: false },
    uploader: 'redhusunny1994@gmail.com',
    class: 9,
    __v: 0
  },
  {
    solution: '',
    subject: 'Science',
    chapter: '8. Motion',
    difficultyLevel: 1,
    _id: 5f2689e2b3a00b47bc24c72e,
    problemStatement: 'ps7',
    options: { a: 'a7', b: 'b7', c: 'c7', d: 'd7' },
    answer: { a: false, b: false, c: true, d: false },
    uploader: 'redhusunny1994@gmail.com',
    class: 9,
    __v: 0
  },
  {
    solution: '',
    subject: 'Science',
    chapter: '8. Motion',
    difficultyLevel: 1,
    _id: 5f2689e2b3a00b47bc24c72f,
    problemStatement: 'ps8',
    options: { a: 'a8', b: 'b8', c: 'c8', d: 'd8' },
    answer: { a: false, b: false, c: false, d: true },
    uploader: 'redhusunny1994@gmail.com',
    class: 9,
    __v: 0
  },
  {
    solution: '',
    subject: 'Science',
    chapter: '8. Motion',
    difficultyLevel: 1,
    _id: 5f2689e2b3a00b47bc24c730,
    problemStatement: 'ps9',
    options: { a: 'a9', b: 'b9', c: 'c9', d: 'd9' },
    answer: { a: true, b: false, c: false, d: false },
    uploader: 'redhusunny1994@gmail.com',
    class: 9,
    __v: 0
  }
]
[2020-08-03T17:18:41.016] [INFO] Logging:  - Listening on http://127.0.0.1:4000
[2020-08-03T17:18:45.562] [INFO] Logging:  - Successfully connected to MongoDB!
[2020-08-03T17:21:03.831] [INFO] Logging:  - Listening on http://127.0.0.1:4000
[2020-08-03T17:21:06.151] [INFO] Logging:  - Successfully connected to MongoDB!
[2020-08-03T17:22:01.174] [INFO] Logging:  - Listening on http://127.0.0.1:4000
[2020-08-03T17:22:02.972] [INFO] Logging:  - Successfully connected to MongoDB!
[2020-08-03T17:22:59.126] [INFO] Logging:  - ---Request begins here---
[2020-08-03T17:22:59.128] [INFO] Logging:  - Method: GET
[2020-08-03T17:22:59.129] [INFO] Logging:  - Path:   /api/users/profile
[2020-08-03T17:22:59.131] [INFO] Logging:  - Body:   {}
[2020-08-03T17:22:59.150] [INFO] Logging:  - ---Request ends here---
[2020-08-03T17:26:55.547] [INFO] Logging:  - ---Request begins here---
[2020-08-03T17:26:55.549] [INFO] Logging:  - Method: GET
[2020-08-03T17:26:55.549] [INFO] Logging:  - Path:   /auth/google/login
[2020-08-03T17:26:55.570] [INFO] Logging:  - Body:   {}
[2020-08-03T17:26:55.571] [INFO] Logging:  - ---Request ends here---
[2020-08-03T17:27:01.574] [INFO] Logging:  - ---Request begins here---
[2020-08-03T17:27:01.576] [INFO] Logging:  - Method: GET
[2020-08-03T17:27:01.582] [INFO] Logging:  - Path:   /auth/google/callback
[2020-08-03T17:27:01.616] [INFO] Logging:  - Body:   {}
[2020-08-03T17:27:01.632] [INFO] Logging:  - ---Request ends here---
[2020-08-03T17:27:10.490] [INFO] Logging:  - Profile: {"id":"107414121620518369845","displayName":"Sunny Redhu","name":{"familyName":"Redhu","givenName":"Sunny"},"emails":[{"value":"redhusunny1994@gmail.com","verified":true}],"photos":[{"value":"https://lh3.googleusercontent.com/a-/AOh14GhXmO1tFFdPPSJBhdj25bSPrM4ei-fKExaPN_h7sQ"}],"provider":"google","_raw":"{\n  \"sub\": \"107414121620518369845\",\n  \"name\": \"Sunny Redhu\",\n  \"given_name\": \"Sunny\",\n  \"family_name\": \"Redhu\",\n  \"picture\": \"https://lh3.googleusercontent.com/a-/AOh14GhXmO1tFFdPPSJBhdj25bSPrM4ei-fKExaPN_h7sQ\",\n  \"email\": \"redhusunny1994@gmail.com\",\n  \"email_verified\": true,\n  \"locale\": \"en\"\n}","_json":{"sub":"107414121620518369845","name":"Sunny Redhu","given_name":"Sunny","family_name":"Redhu","picture":"https://lh3.googleusercontent.com/a-/AOh14GhXmO1tFFdPPSJBhdj25bSPrM4ei-fKExaPN_h7sQ","email":"redhusunny1994@gmail.com","email_verified":true,"locale":"en"}}
[2020-08-03T17:27:11.639] [INFO] Logging:  - User redhusunny1994@gmail.com already exists. Logging in.
[2020-08-03T17:27:12.285] [INFO] Logging:  - ---Request begins here---
[2020-08-03T17:27:12.287] [INFO] Logging:  - Method: GET
[2020-08-03T17:27:12.288] [INFO] Logging:  - Path:   /api/users/profile
[2020-08-03T17:27:12.289] [INFO] Logging:  - Body:   {}
[2020-08-03T17:27:12.290] [INFO] Logging:  - ---Request ends here---
[2020-08-03T17:27:40.470] [INFO] Logging:  - ---Request begins here---
[2020-08-03T17:27:40.471] [INFO] Logging:  - Method: GET
[2020-08-03T17:27:40.472] [INFO] Logging:  - Path:   /api/questions
[2020-08-03T17:27:40.474] [INFO] Logging:  - Body:   {}
[2020-08-03T17:27:40.475] [INFO] Logging:  - ---Request ends here---
[2020-08-03T17:27:42.356] [INFO] Logging:  - Sending already asked questions:  [
  {
    _id: 5f2689e2b3a00b47bc24c72d,
    problemStatement: 'ps6',
    options: { a: 'a6', b: 'b6', c: 'c6', d: 'd6' }
  },
  {
    _id: 5f2689e2b3a00b47bc24c72e,
    problemStatement: 'ps7',
    options: { a: 'a7', b: 'b7', c: 'c7', d: 'd7' }
  },
  {
    _id: 5f2689e2b3a00b47bc24c72f,
    problemStatement: 'ps8',
    options: { a: 'a8', b: 'b8', c: 'c8', d: 'd8' }
  },
  {
    _id: 5f2689e2b3a00b47bc24c730,
    problemStatement: 'ps9',
    options: { a: 'a9', b: 'b9', c: 'c9', d: 'd9' }
  }
]
[2020-08-03T17:28:21.627] [INFO] Logging:  - ---Request begins here---
[2020-08-03T17:28:21.628] [INFO] Logging:  - Method: GET
[2020-08-03T17:28:21.629] [INFO] Logging:  - Path:   /api/questions
[2020-08-03T17:28:21.630] [INFO] Logging:  - Body:   {}
[2020-08-03T17:28:21.631] [INFO] Logging:  - ---Request ends here---
[2020-08-03T17:28:22.419] [INFO] Logging:  - Sending already asked questions:  [
  {
    _id: 5f2689e2b3a00b47bc24c72d,
    problemStatement: 'ps6',
    options: { a: 'a6', b: 'b6', c: 'c6', d: 'd6' }
  },
  {
    _id: 5f2689e2b3a00b47bc24c72e,
    problemStatement: 'ps7',
    options: { a: 'a7', b: 'b7', c: 'c7', d: 'd7' }
  },
  {
    _id: 5f2689e2b3a00b47bc24c72f,
    problemStatement: 'ps8',
    options: { a: 'a8', b: 'b8', c: 'c8', d: 'd8' }
  },
  {
    _id: 5f2689e2b3a00b47bc24c730,
    problemStatement: 'ps9',
    options: { a: 'a9', b: 'b9', c: 'c9', d: 'd9' }
  }
]
